0 info it worked if it ends with ok
1 verbose cli [ 'C:\\Program Files\\nodejs\\node.exe',
1 verbose cli   'C:\\Program Files\\nodejs\\node_modules\\npm\\bin\\npm-cli.js',
1 verbose cli   'start' ]
2 info using npm@4.1.2
3 info using node@v7.7.4
4 verbose run-script [ 'prestart', 'start', 'poststart' ]
5 info lifecycle nodepractice@1.0.0~prestart: nodepractice@1.0.0
6 silly lifecycle nodepractice@1.0.0~prestart: no script for prestart, continuing
7 info lifecycle nodepractice@1.0.0~start: nodepractice@1.0.0
8 verbose lifecycle nodepractice@1.0.0~start: unsafe-perm in lifecycle true
9 verbose lifecycle nodepractice@1.0.0~start: PATH: C:\Program Files\nodejs\node_modules\npm\bin\node-gyp-bin;D:\Dev\nodepractice\Nodeplay\node_modules\.bin;C:\ProgramData\Oracle\Java\javapath;C:\windows\system32;C:\windows;C:\windows\System32\Wbem;C:\windows\System32\WindowsPowerShell\v1.0\;C:\Program Files\nodejs;D:\Dev\Java\jre1.8.0_111\bin\;C:\Program Files\Microsoft SQL Server\130\Tools\Binn\;C:\Program Files\Git\cmd;C:\Users\sunil.angadala\AppData\Roaming\npm;C:\Users\sunil.angadala\AppData\Local\GitHubDesktop\bin
10 verbose lifecycle nodepractice@1.0.0~start: CWD: D:\Dev\nodepractice\Nodeplay
11 silly lifecycle nodepractice@1.0.0~start: Args: [ '/d /s /c', 'node server.js' ]
12 silly lifecycle nodepractice@1.0.0~start: Returned: code: 1  signal: null
13 info lifecycle nodepractice@1.0.0~start: Failed to exec start script
14 verbose stack Error: nodepractice@1.0.0 start: `node server.js`
14 verbose stack Exit status 1
14 verbose stack     at EventEmitter.<anonymous> (C:\Program Files\nodejs\node_modules\npm\lib\utils\lifecycle.js:279:16)
14 verbose stack     at emitTwo (events.js:106:13)
14 verbose stack     at EventEmitter.emit (events.js:194:7)
14 verbose stack     at ChildProcess.<anonymous> (C:\Program Files\nodejs\node_modules\npm\lib\utils\spawn.js:40:14)
14 verbose stack     at emitTwo (events.js:106:13)
14 verbose stack     at ChildProcess.emit (events.js:194:7)
14 verbose stack     at maybeClose (internal/child_process.js:899:16)
14 verbose stack     at Process.ChildProcess._handle.onexit (internal/child_process.js:226:5)
15 verbose pkgid nodepractice@1.0.0
16 verbose cwd D:\Dev\nodepractice\Nodeplay
17 error Windows_NT 6.1.7601
18 error argv "C:\\Program Files\\nodejs\\node.exe" "C:\\Program Files\\nodejs\\node_modules\\npm\\bin\\npm-cli.js" "start"
19 error node v7.7.4
20 error npm  v4.1.2
21 error code ELIFECYCLE
22 error nodepractice@1.0.0 start: `node server.js`
22 error Exit status 1
23 error Failed at the nodepractice@1.0.0 start script 'node server.js'.
23 error Make sure you have the latest version of node.js and npm installed.
23 error If you do, this is most likely a problem with the nodepractice package,
23 error not with npm itself.
23 error Tell the author that this fails on your system:
23 error     node server.js
23 error You can get information on how to open an issue for this project with:
23 error     npm bugs nodepractice
23 error Or if that isn't available, you can get their info via:
23 error     npm owner ls nodepractice
23 error There is likely additional logging output above.
24 verbose exit [ 1, true ]
